c:\corel\avx2gather\x64\debug\process_depth.obj
c:\corel\avx2gather\x64\debug\process_depth_st.obj
c:\corel\avx2gather\x64\debug\gatherton_main.obj
c:\corel\avx2gather\x64\debug\vector_procs.obj
c:\corel\avx2gather\x64\debug\vector_procs_st.obj
c:\corel\avx2gather\x64\debug\vc142.pdb
c:\users\ssg\appdata\local\temp\lnk{27d70768-cfc4-4018-b699-f986fbbf2bb8}.tmp
c:\corel\avx2gather\x64\debug\gatherton.ilk
c:\corel\avx2gather\x64\debug\gatherton.exe
c:\corel\avx2gather\x64\debug\gatherton.pdb
c:\corel\avx2gather\x64\debug\gatherton.tlog\icl-mcpcom.read.1.tlog
c:\corel\avx2gather\x64\debug\gatherton.tlog\icl-mcpcom.write.1.tlog
c:\corel\avx2gather\x64\debug\gatherton.tlog\icl.command.1.tlog
c:\corel\avx2gather\x64\debug\gatherton.tlog\icl.read.1.tlog
c:\corel\avx2gather\x64\debug\gatherton.tlog\icl.write.1.tlog
c:\corel\avx2gather\x64\debug\gatherton.tlog\xilink-link-cvtres.read.1.tlog
c:\corel\avx2gather\x64\debug\gatherton.tlog\xilink-link-cvtres.write.1.tlog
c:\corel\avx2gather\x64\debug\gatherton.tlog\xilink-link-rc.read.1.tlog
c:\corel\avx2gather\x64\debug\gatherton.tlog\xilink-link-rc.write.1.tlog
c:\corel\avx2gather\x64\debug\gatherton.tlog\xilink-link.read.1.tlog
c:\corel\avx2gather\x64\debug\gatherton.tlog\xilink-link.read.2.tlog
c:\corel\avx2gather\x64\debug\gatherton.tlog\xilink-link.write.1.tlog
c:\corel\avx2gather\x64\debug\gatherton.tlog\xilink.command.1.tlog
c:\corel\avx2gather\x64\debug\gatherton.tlog\xilink.read.1.tlog
c:\corel\avx2gather\x64\debug\gatherton.tlog\xilink.write.1.tlog
