c:\corel\avx2gather\x64\release\gatherton.rep
c:\corel\avx2gather\x64\release\process_depth.obj
c:\corel\avx2gather\process_depth.asm
c:\corel\avx2gather\x64\release\process_depth_st.obj
c:\corel\avx2gather\process_depth_st.asm
c:\corel\avx2gather\x64\release\vector_procs_st.obj
c:\corel\avx2gather\vector_procs_st.asm
c:\corel\avx2gather\x64\release\vc142.pdb
c:\corel\avx2gather\x64\release\gatherton_main.obj
c:\corel\avx2gather\x64\release\vector_procs.obj
c:\users\ssg\appdata\local\temp\lnk{2e1d2efb-6b0b-4ad7-b575-e7aa491e96b2}.tmp
c:\corel\avx2gather\x64\release\gatherton.exe
c:\corel\avx2gather\x64\release\gatherton.pdb
c:\corel\avx2gather\x64\release\gatherton.tlog\icl-mcpcom.read.1.tlog
c:\corel\avx2gather\x64\release\gatherton.tlog\icl-mcpcom.write.1.tlog
c:\corel\avx2gather\x64\release\gatherton.tlog\icl.command.1.tlog
c:\corel\avx2gather\x64\release\gatherton.tlog\icl.read.1.tlog
c:\corel\avx2gather\x64\release\gatherton.tlog\icl.write.1.tlog
c:\corel\avx2gather\x64\release\gatherton.tlog\xilink-link-cvtres.read.1.tlog
c:\corel\avx2gather\x64\release\gatherton.tlog\xilink-link-cvtres.write.1.tlog
c:\corel\avx2gather\x64\release\gatherton.tlog\xilink-link-rc.read.1.tlog
c:\corel\avx2gather\x64\release\gatherton.tlog\xilink-link-rc.write.1.tlog
c:\corel\avx2gather\x64\release\gatherton.tlog\xilink-link.read.1.tlog
c:\corel\avx2gather\x64\release\gatherton.tlog\xilink-link.read.2.tlog
c:\corel\avx2gather\x64\release\gatherton.tlog\xilink-link.write.1.tlog
c:\corel\avx2gather\x64\release\gatherton.tlog\xilink.command.1.tlog
c:\corel\avx2gather\x64\release\gatherton.tlog\xilink.read.1.tlog
c:\corel\avx2gather\x64\release\gatherton.tlog\xilink.write.1.tlog
