c:\users\sumitban\onedrive - intel corporation\desktop\hybrid-tools\hgsharnessapp\hgsharnessapp\x64\debug\int8.obj
c:\users\sumitban\onedrive - intel corporation\desktop\hybrid-tools\hgsharnessapp\hgsharnessapp\x64\debug\class1.obj
c:\users\sumitban\onedrive - intel corporation\desktop\hybrid-tools\hgsharnessapp\hgsharnessapp\x64\debug\pause.obj
c:\users\sumitban\onedrive - intel corporation\desktop\hybrid-tools\hgsharnessapp\hgsharnessapp\x64\debug\hgs_harness_program.obj
c:\users\sumitban\onedrive - intel corporation\desktop\hybrid-tools\hgsharnessapp\hgsharnessapp\x64\debug\harnesssleep.obj
c:\users\sumitban\onedrive - intel corporation\desktop\hybrid-tools\hgsharnessapp\hgsharnessapp\x64\debug\hgsharnessapp.obj
c:\users\sumitban\onedrive - intel corporation\desktop\hybrid-tools\hgsharnessapp\hgsharnessapp\x64\debug\class0.obj
c:\users\sumitban\onedrive - intel corporation\desktop\hybrid-tools\hgsharnessapp\hgsharnessapp\x64\debug\hgsharnessapp.tlog\icx-clang-cl.11436.delete.1.tlog
c:\users\sumitban\onedrive - intel corporation\desktop\hybrid-tools\hgsharnessapp\hgsharnessapp\x64\debug\hgsharnessapp.tlog\icx-clang-cl.11436.read.1.tlog
c:\users\sumitban\onedrive - intel corporation\desktop\hybrid-tools\hgsharnessapp\hgsharnessapp\x64\debug\hgsharnessapp.tlog\icx-clang-cl.11436.write.1.tlog
c:\users\sumitban\onedrive - intel corporation\desktop\hybrid-tools\hgsharnessapp\hgsharnessapp\x64\debug\hgsharnessapp.tlog\icx-clang-cl.18696.delete.1.tlog
c:\users\sumitban\onedrive - intel corporation\desktop\hybrid-tools\hgsharnessapp\hgsharnessapp\x64\debug\hgsharnessapp.tlog\icx-clang-cl.18696.read.1.tlog
c:\users\sumitban\onedrive - intel corporation\desktop\hybrid-tools\hgsharnessapp\hgsharnessapp\x64\debug\hgsharnessapp.tlog\icx-clang-cl.18696.write.1.tlog
c:\users\sumitban\onedrive - intel corporation\desktop\hybrid-tools\hgsharnessapp\hgsharnessapp\x64\debug\hgsharnessapp.tlog\icx-clang-cl.22924.delete.1.tlog
c:\users\sumitban\onedrive - intel corporation\desktop\hybrid-tools\hgsharnessapp\hgsharnessapp\x64\debug\hgsharnessapp.tlog\icx-clang-cl.22924.read.1.tlog
c:\users\sumitban\onedrive - intel corporation\desktop\hybrid-tools\hgsharnessapp\hgsharnessapp\x64\debug\hgsharnessapp.tlog\icx-clang-cl.22924.write.1.tlog
c:\users\sumitban\onedrive - intel corporation\desktop\hybrid-tools\hgsharnessapp\hgsharnessapp\x64\debug\hgsharnessapp.tlog\icx-clang-cl.25224.delete.1.tlog
c:\users\sumitban\onedrive - intel corporation\desktop\hybrid-tools\hgsharnessapp\hgsharnessapp\x64\debug\hgsharnessapp.tlog\icx-clang-cl.25224.read.1.tlog
c:\users\sumitban\onedrive - intel corporation\desktop\hybrid-tools\hgsharnessapp\hgsharnessapp\x64\debug\hgsharnessapp.tlog\icx-clang-cl.25224.write.1.tlog
c:\users\sumitban\onedrive - intel corporation\desktop\hybrid-tools\hgsharnessapp\hgsharnessapp\x64\debug\hgsharnessapp.tlog\icx-clang-cl.25452.delete.1.tlog
c:\users\sumitban\onedrive - intel corporation\desktop\hybrid-tools\hgsharnessapp\hgsharnessapp\x64\debug\hgsharnessapp.tlog\icx-clang-cl.25452.read.1.tlog
c:\users\sumitban\onedrive - intel corporation\desktop\hybrid-tools\hgsharnessapp\hgsharnessapp\x64\debug\hgsharnessapp.tlog\icx-clang-cl.25452.write.1.tlog
c:\users\sumitban\onedrive - intel corporation\desktop\hybrid-tools\hgsharnessapp\hgsharnessapp\x64\debug\hgsharnessapp.tlog\icx-clang-cl.25492.delete.1.tlog
c:\users\sumitban\onedrive - intel corporation\desktop\hybrid-tools\hgsharnessapp\hgsharnessapp\x64\debug\hgsharnessapp.tlog\icx-clang-cl.25492.read.1.tlog
c:\users\sumitban\onedrive - intel corporation\desktop\hybrid-tools\hgsharnessapp\hgsharnessapp\x64\debug\hgsharnessapp.tlog\icx-clang-cl.25492.write.1.tlog
c:\users\sumitban\onedrive - intel corporation\desktop\hybrid-tools\hgsharnessapp\hgsharnessapp\x64\debug\hgsharnessapp.tlog\icx-clang-cl.4280.read.1.tlog
c:\users\sumitban\onedrive - intel corporation\desktop\hybrid-tools\hgsharnessapp\hgsharnessapp\x64\debug\hgsharnessapp.tlog\icx-clang-cl.4280.write.1.tlog
c:\users\sumitban\onedrive - intel corporation\desktop\hybrid-tools\hgsharnessapp\hgsharnessapp\x64\debug\hgsharnessapp.tlog\icx-clang-cl.9772.delete.1.tlog
c:\users\sumitban\onedrive - intel corporation\desktop\hybrid-tools\hgsharnessapp\hgsharnessapp\x64\debug\hgsharnessapp.tlog\icx-clang-cl.9772.read.1.tlog
c:\users\sumitban\onedrive - intel corporation\desktop\hybrid-tools\hgsharnessapp\hgsharnessapp\x64\debug\hgsharnessapp.tlog\icx-clang-cl.9772.write.1.tlog
c:\users\sumitban\onedrive - intel corporation\desktop\hybrid-tools\hgsharnessapp\hgsharnessapp\x64\debug\hgsharnessapp.tlog\icx-clang-cl.read.1.tlog
c:\users\sumitban\onedrive - intel corporation\desktop\hybrid-tools\hgsharnessapp\hgsharnessapp\x64\debug\hgsharnessapp.tlog\icx.command.1.tlog
c:\users\sumitban\onedrive - intel corporation\desktop\hybrid-tools\hgsharnessapp\hgsharnessapp\x64\debug\hgsharnessapp.tlog\icx.read.1.tlog
c:\users\sumitban\onedrive - intel corporation\desktop\hybrid-tools\hgsharnessapp\hgsharnessapp\x64\debug\hgsharnessapp.tlog\icx.write.1.tlog
